<?xml version="1.0" encoding="UTF-8"?>
<!-- Generated by org.testng.reporters.JUnitXMLReporter -->
<testsuite ignored="0" hostname="DESKTOP-BKVHFCN" failures="0" tests="2" name="Create Portfolio Test" time="20.421" errors="0" timestamp="2021-11-12T07:44:09 IST">
  <testcase classname="com.core.qtpselenium.ddf.testcases.suite.portfolio.CreatePortfolioTest" name="createPortfolio" time="20.338"/>
  <testcase classname="com.core.qtpselenium.ddf.testcases.suite.portfolio.CreatePortfolioTest" name="createPortfolio" time="0.001">
    <skipped/>
  </testcase> <!-- createPortfolio -->
</testsuite> <!-- Create Portfolio Test -->
