<?xml version="1.0" encoding="UTF-8"?>
<!-- Generated by org.testng.reporters.JUnitXMLReporter -->
<testsuite ignored="0" hostname="DESKTOP-BKVHFCN" failures="1" tests="3" name="Create Portfolio" time="8.196" errors="0" timestamp="2021-11-16T07:16:34 IST">
  <testcase classname="com.core.qtpselenium.ddf.testcases.suite.portfolio.CreatePortfolioTest" name="createPortfolio" time="7.793">
    <failure type="java.lang.IllegalArgumentException" message="Keys to send should be a not null CharSequence">
      <![CDATA[java.lang.IllegalArgumentException: Keys to send should be a not null CharSequence
at org.openqa.selenium.remote.RemoteWebElement.sendKeys(RemoteWebElement.java:88)
at com.core.qtpselenium.ddf.keywords.GenericKeywords.type(GenericKeywords.java:47)
at com.core.qtpselenium.ddf.testcases.suite.portfolio.CreatePortfolioTest.createPortfolio(CreatePortfolioTest.java:39)
at java.base/java.util.ArrayList.forEach(ArrayList.java:1511)
... Removed 27 stack frames]]>
    </failure>
  </testcase> <!-- createPortfolio -->
  <testcase classname="com.core.qtpselenium.ddf.testcases.suite.portfolio.CreatePortfolioTest" name="createPortfolio" time="0.002">
    <skipped/>
  </testcase> <!-- createPortfolio -->
  <testcase classname="com.core.qtpselenium.ddf.testcases.suite.portfolio.CreatePortfolioTest" name="createPortfolio" time="0.001">
    <skipped/>
  </testcase> <!-- createPortfolio -->
</testsuite> <!-- Create Portfolio -->
