<?xml version="1.0" encoding="UTF-8"?>
<!-- Generated by org.testng.reporters.JUnitXMLReporter -->
<testsuite ignored="0" hostname="DESKTOP-BKVHFCN" failures="0" tests="2" name="Delete Portfolio Test" time="10.46" errors="0" timestamp="2021-11-12T07:44:20 IST">
  <testcase classname="com.core.qtpselenium.ddf.testcases.suite.portfolio.DeletePortfolioTest" name="createPortfolio" time="10.39"/>
  <testcase classname="com.core.qtpselenium.ddf.testcases.suite.portfolio.DeletePortfolioTest" name="createPortfolio" time="0.001">
    <skipped/>
  </testcase> <!-- createPortfolio -->
</testsuite> <!-- Delete Portfolio Test -->
