<?xml version="1.0" encoding="UTF-8"?>
<!-- Generated by org.testng.reporters.JUnitXMLReporter -->
<testsuite ignored="0" hostname="DESKTOP-BKVHFCN" failures="1" tests="3" name="Delete Portfolio" time="5.436" errors="0" timestamp="2021-11-16T07:16:40 IST">
  <testcase classname="com.core.qtpselenium.ddf.testcases.suite.portfolio.DeletePortfolioTest" name="createPortfolio" time="5.062">
    <failure type="java.lang.NullPointerException" message="Cannot invoke &amp;quot;String.contains(java.lang.CharSequence)&amp;quot; because &amp;quot;toEscape&amp;quot; is null">
      <![CDATA[java.lang.NullPointerException: Cannot invoke "String.contains(java.lang.CharSequence)" because "toEscape" is null
at org.openqa.selenium.support.ui.Quotes.escape(Quotes.java:42)
at org.openqa.selenium.support.ui.Select.selectByVisibleText(Select.java:114)
at com.core.qtpselenium.ddf.keywords.GenericKeywords.select(GenericKeywords.java:70)
at com.core.qtpselenium.ddf.testcases.suite.portfolio.DeletePortfolioTest.createPortfolio(DeletePortfolioTest.java:40)
at java.base/java.util.ArrayList.forEach(ArrayList.java:1511)
... Removed 27 stack frames]]>
    </failure>
  </testcase> <!-- createPortfolio -->
  <testcase classname="com.core.qtpselenium.ddf.testcases.suite.portfolio.DeletePortfolioTest" name="createPortfolio" time="0.0">
    <skipped/>
  </testcase> <!-- createPortfolio -->
  <testcase classname="com.core.qtpselenium.ddf.testcases.suite.portfolio.DeletePortfolioTest" name="createPortfolio" time="0.001">
    <skipped/>
  </testcase> <!-- createPortfolio -->
</testsuite> <!-- Delete Portfolio -->
