<?xml version="1.0" encoding="UTF-8"?>
<!-- Generated by org.testng.reporters.JUnitXMLReporter -->
<testsuite ignored="0" hostname="DESKTOP-FVRAVKU" failures="1" tests="3" name="Login Test" time="9.546" errors="0" timestamp="2021-11-23T21:25:03 IST">
  <testcase classname="com.core.qtpselenium.ddf.testcases.suite.portfolio.LoginTest" name="doLogin" time="6.526">
    <failure type="java.lang.AssertionError" message="The following asserts failed:
	Titles did not match for login page">
      <![CDATA[java.lang.AssertionError: The following asserts failed:
Titles did not match for login page
at com.core.qtpselenium.ddf.keywords.UtilityKeywords.assertAll(UtilityKeywords.java:82)
at com.core.qtpselenium.ddf.testcases.suite.portfolio.LoginTest.doLogin(LoginTest.java:48)
at java.base/java.util.ArrayList.forEach(ArrayList.java:1511)
... Removed 29 stack frames]]>
    </failure>
  </testcase> <!-- doLogin -->
  <testcase classname="com.core.qtpselenium.ddf.testcases.suite.portfolio.LoginTest" name="doLogin" time="0.005">
    <skipped/>
  </testcase> <!-- doLogin -->
  <testcase classname="com.core.qtpselenium.ddf.testcases.suite.portfolio.LoginTest" name="doLogin" time="0.031">
    <skipped/>
  </testcase> <!-- doLogin -->
</testsuite> <!-- Login Test -->
