<?xml version="1.0" encoding="UTF-8"?>
<!-- Generated by org.testng.reporters.JUnitXMLReporter -->
<testsuite hostname="DESKTOP-FVRAVKU" ignored="0" name="Create Portfolio" tests="2" failures="0" timestamp="2021-11-24T08:18:31 IST" time="103.52" errors="0">
  <testcase name="createPortfolio" time="101.217" classname="com.core.qtpselenium.ddf.testcases.suite.portfolio.CreatePortfolioTest"/>
  <testcase name="createPortfolio" time="0.001" classname="com.core.qtpselenium.ddf.testcases.suite.portfolio.CreatePortfolioTest">
    <skipped/>
  </testcase> <!-- createPortfolio -->
</testsuite> <!-- Create Portfolio -->
