<?xml version="1.0" encoding="UTF-8"?>
<!-- Generated by org.testng.reporters.JUnitXMLReporter -->
<testsuite hostname="DESKTOP-FVRAVKU" ignored="0" name="Create Portfolio" tests="2" failures="0" timestamp="2021-11-24T08:34:12 IST" time="30.538" errors="0">
  <testcase name="createPortfolio" time="27.988" classname="com.core.qtpselenium.ddf.testcases.suite.portfolio.CreatePortfolioTest"/>
  <testcase name="createPortfolio" time="0.0" classname="com.core.qtpselenium.ddf.testcases.suite.portfolio.CreatePortfolioTest">
    <skipped/>
  </testcase> <!-- createPortfolio -->
</testsuite> <!-- Create Portfolio -->
