<?xml version="1.0" encoding="UTF-8"?>
<!-- Generated by org.testng.reporters.JUnitXMLReporter -->
<testsuite hostname="DESKTOP-FVRAVKU" ignored="0" name="Delete Portfolio" tests="2" failures="0" timestamp="2021-11-24T08:34:35 IST" time="22.708" errors="0">
  <testcase name="createPortfolio" time="20.715" classname="com.core.qtpselenium.ddf.testcases.suite.portfolio.DeletePortfolioTest"/>
  <testcase name="createPortfolio" time="0.001" classname="com.core.qtpselenium.ddf.testcases.suite.portfolio.DeletePortfolioTest">
    <skipped/>
  </testcase> <!-- createPortfolio -->
</testsuite> <!-- Delete Portfolio -->
