<?xml version="1.0" encoding="UTF-8"?>
<!-- Generated by org.testng.reporters.JUnitXMLReporter -->
<testsuite hostname="DESKTOP-FVRAVKU" ignored="0" name="Delete Portfolio" tests="2" failures="0" timestamp="2021-11-24T08:18:43 IST" time="12.185" errors="0">
  <testcase name="createPortfolio" time="9.68" classname="com.core.qtpselenium.ddf.testcases.suite.portfolio.DeletePortfolioTest"/>
  <testcase name="createPortfolio" time="0.0" classname="com.core.qtpselenium.ddf.testcases.suite.portfolio.DeletePortfolioTest">
    <skipped/>
  </testcase> <!-- createPortfolio -->
</testsuite> <!-- Delete Portfolio -->
