<?xml version="1.0" encoding="UTF-8"?>
<testng-results ignored="0" total="1" passed="1" failed="0" skipped="0">
  <reporter-output>
  </reporter-output>
  <suite started-at="2021-11-23T21:21:11 IST" name="Default suite" finished-at="2021-11-23T21:21:11 IST" duration-ms="89">
    <groups>
    </groups>
    <test started-at="2021-11-23T21:21:11 IST" name="Default test" finished-at="2021-11-23T21:21:11 IST" duration-ms="89">
      <class name="com.core.qtpselenium.ddf.testcases.suite.portfolio.TestA">
        <test-method signature="testA()[pri:0, instance:com.core.qtpselenium.ddf.testcases.suite.portfolio.TestA@1bb266b3]" started-at="2021-11-23T21:21:11 IST" name="testA" finished-at="2021-11-23T21:21:11 IST" duration-ms="16" status="PASS">
          <reporter-output>
          </reporter-output>
        </test-method> <!-- testA -->
      </class> <!-- com.core.qtpselenium.ddf.testcases.suite.portfolio.TestA -->
    </test> <!-- Default test -->
  </suite> <!-- Default suite -->
</testng-results>
